Determining if the pthread_create exist failed with the following output:
Change Dir: /home/wangqi/Desktop/Play-a-bomb/弹一弹_王琦/弹一弹_王琦/cmake-build-debug/CMakeFiles/CMakeTmp

Run Build Command:"/usr/bin/make" "cmTC_293db/fast"
/usr/bin/make -f CMakeFiles/cmTC_293db.dir/build.make CMakeFiles/cmTC_293db.dir/build
make[1]: Entering directory '/home/wangqi/Desktop/Play-a-bomb/弹一弹_王琦/弹一弹_王琦/cmake-build-debug/CMakeFiles/CMakeTmp'
Building C object CMakeFiles/cmTC_293db.dir/CheckSymbolExists.c.o
/usr/bin/cc   -fPIC    -o CMakeFiles/cmTC_293db.dir/CheckSymbolExists.c.o   -c /home/wangqi/Desktop/Play-a-bomb/弹一弹_王琦/弹一弹_王琦/cmake-build-debug/CMakeFiles/CMakeTmp/CheckSymbolExists.c
Linking C executable cmTC_293db
/home/wangqi/Downloads/clion-2018.1.5/bin/cmake/bin/cmake -E cmake_link_script CMakeFiles/cmTC_293db.dir/link.txt --verbose=1
/usr/bin/cc -fPIC     CMakeFiles/cmTC_293db.dir/CheckSymbolExists.c.o  -o cmTC_293db 
CMakeFiles/cmTC_293db.dir/CheckSymbolExists.c.o：在函数‘main’中：
CheckSymbolExists.c:(.text+0x1b)：对‘pthread_create’未定义的引用
collect2: error: ld returned 1 exit status
CMakeFiles/cmTC_293db.dir/build.make:97: recipe for target 'cmTC_293db' failed
make[1]: *** [cmTC_293db] Error 1
make[1]: Leaving directory '/home/wangqi/Desktop/Play-a-bomb/弹一弹_王琦/弹一弹_王琦/cmake-build-debug/CMakeFiles/CMakeTmp'
Makefile:126: recipe for target 'cmTC_293db/fast' failed
make: *** [cmTC_293db/fast] Error 2

File /home/wangqi/Desktop/Play-a-bomb/弹一弹_王琦/弹一弹_王琦/cmake-build-debug/CMakeFiles/CMakeTmp/CheckSymbolExists.c:
/* */
#include <pthread.h>

int main(int argc, char** argv)
{
  (void)argv;
#ifndef pthread_create
  return ((int*)(&pthread_create))[argc];
#else
  (void)argc;
  return 0;
#endif
}

Determining if the function pthread_create exists in the pthreads failed with the following output:
Change Dir: /home/wangqi/Desktop/Play-a-bomb/弹一弹_王琦/弹一弹_王琦/cmake-build-debug/CMakeFiles/CMakeTmp

Run Build Command:"/usr/bin/make" "cmTC_764dc/fast"
/usr/bin/make -f CMakeFiles/cmTC_764dc.dir/build.make CMakeFiles/cmTC_764dc.dir/build
make[1]: Entering directory '/home/wangqi/Desktop/Play-a-bomb/弹一弹_王琦/弹一弹_王琦/cmake-build-debug/CMakeFiles/CMakeTmp'
Building C object CMakeFiles/cmTC_764dc.dir/CheckFunctionExists.c.o
/usr/bin/cc   -fPIC -DCHECK_FUNCTION_EXISTS=pthread_create   -o CMakeFiles/cmTC_764dc.dir/CheckFunctionExists.c.o   -c /home/wangqi/Downloads/clion-2018.1.5/bin/cmake/share/cmake-3.10/Modules/CheckFunctionExists.c
Linking C executable cmTC_764dc
/home/wangqi/Downloads/clion-2018.1.5/bin/cmake/bin/cmake -E cmake_link_script CMakeFiles/cmTC_764dc.dir/link.txt --verbose=1
/usr/bin/cc -fPIC -DCHECK_FUNCTION_EXISTS=pthread_create    CMakeFiles/cmTC_764dc.dir/CheckFunctionExists.c.o  -o cmTC_764dc -lpthreads 
/usr/bin/ld: 找不到 -lpthreads
collect2: error: ld returned 1 exit status
CMakeFiles/cmTC_764dc.dir/build.make:97: recipe for target 'cmTC_764dc' failed
make[1]: *** [cmTC_764dc] Error 1
make[1]: Leaving directory '/home/wangqi/Desktop/Play-a-bomb/弹一弹_王琦/弹一弹_王琦/cmake-build-debug/CMakeFiles/CMakeTmp'
Makefile:126: recipe for target 'cmTC_764dc/fast' failed
make: *** [cmTC_764dc/fast] Error 2


