Determining if the pthread_create exist failed with the following output:
Change Dir: /home/wangqi/Desktop/Play-a-bomb/build/CMakeFiles/CMakeTmp

Run Build Command:"/usr/bin/make" "cmTC_7439b/fast"
/usr/bin/make -f CMakeFiles/cmTC_7439b.dir/build.make CMakeFiles/cmTC_7439b.dir/build
make[1]: Entering directory '/home/wangqi/Desktop/Play-a-bomb/build/CMakeFiles/CMakeTmp'
Building C object CMakeFiles/cmTC_7439b.dir/CheckSymbolExists.c.o
/usr/bin/cc   -fPIC    -o CMakeFiles/cmTC_7439b.dir/CheckSymbolExists.c.o   -c /home/wangqi/Desktop/Play-a-bomb/build/CMakeFiles/CMakeTmp/CheckSymbolExists.c
Linking C executable cmTC_7439b
/usr/local/bin/cmake -E cmake_link_script CMakeFiles/cmTC_7439b.dir/link.txt --verbose=1
/usr/bin/cc -fPIC     CMakeFiles/cmTC_7439b.dir/CheckSymbolExists.c.o  -o cmTC_7439b 
CMakeFiles/cmTC_7439b.dir/CheckSymbolExists.c.o：在函数‘main’中：
CheckSymbolExists.c:(.text+0x1b)：对‘pthread_create’未定义的引用
collect2: error: ld returned 1 exit status
CMakeFiles/cmTC_7439b.dir/build.make:86: recipe for target 'cmTC_7439b' failed
make[1]: *** [cmTC_7439b] Error 1
make[1]: Leaving directory '/home/wangqi/Desktop/Play-a-bomb/build/CMakeFiles/CMakeTmp'
Makefile:121: recipe for target 'cmTC_7439b/fast' failed
make: *** [cmTC_7439b/fast] Error 2

File /home/wangqi/Desktop/Play-a-bomb/build/CMakeFiles/CMakeTmp/CheckSymbolExists.c:
/* */
#include <pthread.h>

int main(int argc, char** argv)
{
  (void)argv;
#ifndef pthread_create
  return ((int*)(&pthread_create))[argc];
#else
  (void)argc;
  return 0;
#endif
}

Determining if the function pthread_create exists in the pthreads failed with the following output:
Change Dir: /home/wangqi/Desktop/Play-a-bomb/build/CMakeFiles/CMakeTmp

Run Build Command:"/usr/bin/make" "cmTC_501a7/fast"
/usr/bin/make -f CMakeFiles/cmTC_501a7.dir/build.make CMakeFiles/cmTC_501a7.dir/build
make[1]: Entering directory '/home/wangqi/Desktop/Play-a-bomb/build/CMakeFiles/CMakeTmp'
Building C object CMakeFiles/cmTC_501a7.dir/CheckFunctionExists.c.o
/usr/bin/cc   -fPIC -DCHECK_FUNCTION_EXISTS=pthread_create   -o CMakeFiles/cmTC_501a7.dir/CheckFunctionExists.c.o   -c /usr/local/share/cmake-3.12/Modules/CheckFunctionExists.c
Linking C executable cmTC_501a7
/usr/local/bin/cmake -E cmake_link_script CMakeFiles/cmTC_501a7.dir/link.txt --verbose=1
/usr/bin/cc -fPIC -DCHECK_FUNCTION_EXISTS=pthread_create    CMakeFiles/cmTC_501a7.dir/CheckFunctionExists.c.o  -o cmTC_501a7 -lpthreads 
/usr/bin/ld: 找不到 -lpthreads
collect2: error: ld returned 1 exit status
CMakeFiles/cmTC_501a7.dir/build.make:86: recipe for target 'cmTC_501a7' failed
make[1]: *** [cmTC_501a7] Error 1
make[1]: Leaving directory '/home/wangqi/Desktop/Play-a-bomb/build/CMakeFiles/CMakeTmp'
Makefile:121: recipe for target 'cmTC_501a7/fast' failed
make: *** [cmTC_501a7/fast] Error 2


